{
  "RSpec": {
    "coverage": {
      "/home/DjangoStar/tic-tac-toe-rb-online-web-sp-000/lib/tic_tac_toe.rb": [
        null,
        1,
        null,
        null,
        null,
        null,
        null,
        null,
        null,
        null,
        null,
        1,
        12,
        7,
        null,
        5,
        3,
        2,
        2,
        null,
        null,
        null,
        1,
        5,
        5,
        5,
        5,
        5,
        null,
        null,
        1,
        3,
        null,
        null,
        1,
        3,
        null,
        null,
        1,
        6,
        3,
        null,
        3,
        null,
        null,
        1,
        3,
        null,
        null,
        1,
        9,
        9,
        9,
        0,
        null,
        0,
        0,
        null,
        null,
        1,
        20,
        null,
        null,
        1,
        1,
        null,
        null,
        1,
        39,
        608,
        14,
        null,
        484,
        6,
        null,
        null,
        19,
        null,
        null,
        1,
        90,
        null,
        null,
        1,
        13,
        null,
        null,
        1,
        11,
        null,
        null,
        1,
        6,
        5,
        null,
        null
      ]
    },
    "timestamp": 1586208462
  }
}
